d:\school\3학년 2학기\3dgameprograming2\labproject\labproject08-9-1\x64\debug\silentengine.pch
d:\school\3학년 2학기\3dgameprograming2\labproject\labproject08-9-1\x64\debug\vc141.pdb
d:\school\3학년 2학기\3dgameprograming2\labproject\labproject08-9-1\x64\debug\vc141.idb
d:\school\3학년 2학기\3dgameprograming2\labproject\labproject08-9-1\x64\debug\stdafx.obj
d:\school\3학년 2학기\3dgameprograming2\labproject\labproject08-9-1\x64\debug\ddstextureloader12.obj
d:\school\3학년 2학기\3dgameprograming2\labproject\labproject08-9-1\x64\debug\timer.obj
d:\school\3학년 2학기\3dgameprograming2\labproject\labproject08-9-1\x64\debug\mesh.obj
d:\school\3학년 2학기\3dgameprograming2\labproject\labproject08-9-1\x64\debug\gameframework.obj
d:\school\3학년 2학기\3dgameprograming2\labproject\labproject08-9-1\x64\debug\camera.obj
d:\school\3학년 2학기\3dgameprograming2\labproject\labproject08-9-1\x64\debug\object.obj
d:\school\3학년 2학기\3dgameprograming2\labproject\labproject08-9-1\x64\debug\player.obj
d:\school\3학년 2학기\3dgameprograming2\labproject\labproject08-9-1\x64\debug\shader.obj
d:\school\3학년 2학기\3dgameprograming2\labproject\labproject08-9-1\x64\debug\silentengine.obj
d:\school\3학년 2학기\3dgameprograming2\labproject\labproject08-9-1\x64\debug\scene.obj
d:\school\3학년 2학기\3dgameprograming2\labproject\labproject08-9-1\x64\debug\silentengine.exe
d:\school\3학년 2학기\3dgameprograming2\labproject\labproject08-9-1\x64\debug\silentengine.ilk
d:\school\3학년 2학기\3dgameprograming2\labproject\labproject08-9-1\x64\debug\silentengine.pdb
d:\school\3학년 2학기\3dgameprograming2\labproject\labproject08-9-1\x64\debug\silentengine.res
d:\school\3학년 2학기\3dgameprograming2\labproject\labproject08-9-1\x64\debug\light.cso
d:\school\3학년 2학기\3dgameprograming2\labproject\labproject08-9-1\x64\debug\mainsceneshaders.cso
d:\school\3학년 2학기\3dgameprograming2\labproject\labproject08-9-1\x64\debug\shaders.cso
d:\school\3학년 2학기\3dgameprograming2\labproject\labproject08-9-1\x64\debug\silentengine.tlog\cl.command.1.tlog
d:\school\3학년 2학기\3dgameprograming2\labproject\labproject08-9-1\x64\debug\silentengine.tlog\cl.read.1.tlog
d:\school\3학년 2학기\3dgameprograming2\labproject\labproject08-9-1\x64\debug\silentengine.tlog\cl.write.1.tlog
d:\school\3학년 2학기\3dgameprograming2\labproject\labproject08-9-1\x64\debug\silentengine.tlog\link.command.1.tlog
d:\school\3학년 2학기\3dgameprograming2\labproject\labproject08-9-1\x64\debug\silentengine.tlog\link.read.1.tlog
d:\school\3학년 2학기\3dgameprograming2\labproject\labproject08-9-1\x64\debug\silentengine.tlog\link.write.1.tlog
d:\school\3학년 2학기\3dgameprograming2\labproject\labproject08-9-1\x64\debug\silentengine.tlog\rc.command.1.tlog
d:\school\3학년 2학기\3dgameprograming2\labproject\labproject08-9-1\x64\debug\silentengine.tlog\rc.read.1.tlog
d:\school\3학년 2학기\3dgameprograming2\labproject\labproject08-9-1\x64\debug\silentengine.tlog\rc.write.1.tlog
d:\school\3학년 2학기\3dgameprograming2\labproject\labproject08-9-1\x64\debug\silentengine.tlog\silentengine.write.1u.tlog
